{
  "stats": {
    "suites": 1,
    "tests": 2,
    "passes": 2,
    "pending": 0,
    "failures": 0,
    "start": "2020-08-19T20:46:39.633Z",
    "end": "2020-08-19T20:46:40.276Z",
    "duration": 643,
    "testsRegistered": 2,
    "passPercent": 100,
    "pendingPercent": 0,
    "other": 0,
    "hasOther": false,
    "skipped": 0,
    "hasSkipped": false
  },
  "results": [
    {
      "uuid": "c758cfa5-2984-43e2-85c0-b69773444e1a",
      "title": "",
      "fullFile": "cypress/integration/services/books/tests/PUTBooks.spec.js",
      "file": "cypress/integration/services/books/tests/PUTBooks.spec.js",
      "beforeHooks": [],
      "afterHooks": [],
      "tests": [],
      "suites": [
        {
          "uuid": "a9583209-ee69-4830-8e14-eb5523e206ca",
          "title": "PUT Books",
          "fullFile": "",
          "file": "",
          "beforeHooks": [],
          "afterHooks": [],
          "tests": [
            {
              "title": "Atualizar um livro",
              "fullTitle": "PUT Books Atualizar um livro",
              "timedOut": null,
              "duration": 326,
              "state": "passed",
              "speed": "slow",
              "pass": true,
              "fail": false,
              "pending": false,
              "context": null,
              "code": "GETBooks.allBooks().then(function (busca) {\n  PUTBooks.updateBooks(busca.body[0].ID).should(function (updateBook) {\n    expect(updateBook.status).to.eq(200);\n    expect(updateBook.body).to.not.be.null;\n    expect(updateBook.body.Title).to.eq('Livro');\n  });\n});",
              "err": {},
              "uuid": "66f4bf85-4030-4a17-8609-efdad773891d",
              "parentUUID": "a9583209-ee69-4830-8e14-eb5523e206ca",
              "isHook": false,
              "skipped": false
            },
            {
              "title": "Criar e alterar o livro criado",
              "fullTitle": "PUT Books Criar e alterar o livro criado",
              "timedOut": null,
              "duration": 282,
              "state": "passed",
              "speed": "slow",
              "pass": true,
              "fail": false,
              "pending": false,
              "context": null,
              "code": "POSTBooks.addBooks().then(function (addBook) {\n  expect(addBook.status).to.eq(200);\n  expect(addBook.body).to.not.be.null;\n  PUTBooks.updateBooks(addBook.body.ID).should(function (updateBook) {\n    expect(updateBook.status).to.eq(200);\n    expect(updateBook.body.Title).to.eq('Livro');\n  });\n});",
              "err": {},
              "uuid": "3242d671-e7e2-496d-9c78-f2a80e1b6bc3",
              "parentUUID": "a9583209-ee69-4830-8e14-eb5523e206ca",
              "isHook": false,
              "skipped": false
            }
          ],
          "suites": [],
          "passes": [
            "66f4bf85-4030-4a17-8609-efdad773891d",
            "3242d671-e7e2-496d-9c78-f2a80e1b6bc3"
          ],
          "failures": [],
          "pending": [],
          "skipped": [],
          "duration": 608,
          "root": false,
          "rootEmpty": false,
          "_timeout": 2000
        }
      ],
      "passes": [],
      "failures": [],
      "pending": [],
      "skipped": [],
      "duration": 0,
      "root": true,
      "rootEmpty": true,
      "_timeout": 2000
    }
  ],
  "meta": {
    "mocha": {
      "version": "7.0.1"
    },
    "mochawesome": {
      "options": {
        "quiet": true,
        "reportFilename": "mochawesome",
        "saveHtml": false,
        "saveJson": true,
        "consoleReporter": "spec",
        "useInlineDiffs": false,
        "code": true
      },
      "version": "6.1.1"
    },
    "marge": {
      "options": {
        "id": "default",
        "reportDir": "mochawesome-report",
        "quiet": true,
        "html": false,
        "overwrite": false,
        "json": true
      },
      "version": "5.1.0"
    }
  }
}