{
  "stats": {
    "suites": 1,
    "tests": 2,
    "passes": 2,
    "pending": 0,
    "failures": 0,
    "start": "2020-08-19T20:40:25.327Z",
    "end": "2020-08-19T20:40:25.894Z",
    "duration": 567,
    "testsRegistered": 2,
    "passPercent": 100,
    "pendingPercent": 0,
    "other": 0,
    "hasOther": false,
    "skipped": 0,
    "hasSkipped": false
  },
  "results": [
    {
      "uuid": "fc0d8997-3470-4e3f-ae0c-db544fe7eef6",
      "title": "",
      "fullFile": "cypress/integration/services/books/tests/PUTBooks.spec.js",
      "file": "cypress/integration/services/books/tests/PUTBooks.spec.js",
      "beforeHooks": [],
      "afterHooks": [],
      "tests": [],
      "suites": [
        {
          "uuid": "8624c3f4-adfd-4ae4-ac93-ec4b9e119a23",
          "title": "PUT Books",
          "fullFile": "",
          "file": "",
          "beforeHooks": [],
          "afterHooks": [],
          "tests": [
            {
              "title": "Atualizar um livro",
              "fullTitle": "PUT Books Atualizar um livro",
              "timedOut": null,
              "duration": 321,
              "state": "passed",
              "speed": "slow",
              "pass": true,
              "fail": false,
              "pending": false,
              "context": null,
              "code": "GETBooks.allBooks().then(function (busca) {\n  PUTBooks.updateBooks(busca.body[0].ID).should(function (updateBook) {\n    expect(updateBook.status).to.eq(200);\n    expect(updateBook.body).to.not.be.null;\n    expect(updateBook.body.Title).to.eq('Livro');\n  });\n});",
              "err": {},
              "uuid": "f2ab18db-6955-49f0-b9fb-84cd4902f0d1",
              "parentUUID": "8624c3f4-adfd-4ae4-ac93-ec4b9e119a23",
              "isHook": false,
              "skipped": false
            },
            {
              "title": "Criar e alterar o livro criado",
              "fullTitle": "PUT Books Criar e alterar o livro criado",
              "timedOut": null,
              "duration": 229,
              "state": "passed",
              "speed": "slow",
              "pass": true,
              "fail": false,
              "pending": false,
              "context": null,
              "code": "POSTBooks.addBooks().then(function (addBook) {\n  expect(addBook.status).to.eq(200);\n  expect(addBook.body).to.not.be.null;\n  PUTBooks.updateBooks(addBook.body.ID).should(function (updateBook) {\n    expect(updateBook.status).to.eq(200);\n    expect(updateBook.body.Title).to.eq('Livro');\n  });\n});",
              "err": {},
              "uuid": "afac5a36-367a-4314-8066-da75a06df57b",
              "parentUUID": "8624c3f4-adfd-4ae4-ac93-ec4b9e119a23",
              "isHook": false,
              "skipped": false
            }
          ],
          "suites": [],
          "passes": [
            "f2ab18db-6955-49f0-b9fb-84cd4902f0d1",
            "afac5a36-367a-4314-8066-da75a06df57b"
          ],
          "failures": [],
          "pending": [],
          "skipped": [],
          "duration": 550,
          "root": false,
          "rootEmpty": false,
          "_timeout": 2000
        }
      ],
      "passes": [],
      "failures": [],
      "pending": [],
      "skipped": [],
      "duration": 0,
      "root": true,
      "rootEmpty": true,
      "_timeout": 2000
    }
  ],
  "meta": {
    "mocha": {
      "version": "7.0.1"
    },
    "mochawesome": {
      "options": {
        "quiet": true,
        "reportFilename": "mochawesome",
        "saveHtml": false,
        "saveJson": true,
        "consoleReporter": "spec",
        "useInlineDiffs": false,
        "code": true
      },
      "version": "6.1.1"
    },
    "marge": {
      "options": {
        "id": "default",
        "reportDir": "mochawesome-report",
        "quiet": true,
        "html": false,
        "overwrite": false,
        "json": true
      },
      "version": "5.1.0"
    }
  }
}