{
  "stats": {
    "suites": 1,
    "tests": 3,
    "passes": 3,
    "pending": 0,
    "failures": 0,
    "start": "2020-08-19T20:46:35.921Z",
    "end": "2020-08-19T20:46:36.475Z",
    "duration": 554,
    "testsRegistered": 3,
    "passPercent": 100,
    "pendingPercent": 0,
    "other": 0,
    "hasOther": false,
    "skipped": 0,
    "hasSkipped": false
  },
  "results": [
    {
      "uuid": "5c4ba4e6-87ca-4af5-b224-821e51dfb24a",
      "title": "",
      "fullFile": "cypress/integration/services/books/tests/GETBooks.spec.js",
      "file": "cypress/integration/services/books/tests/GETBooks.spec.js",
      "beforeHooks": [],
      "afterHooks": [],
      "tests": [],
      "suites": [
        {
          "uuid": "83b63855-c2e8-4c16-a969-c6f2e108dd87",
          "title": "GETBooks",
          "fullFile": "",
          "file": "",
          "beforeHooks": [],
          "afterHooks": [],
          "tests": [
            {
              "title": "Validar status de retorno",
              "fullTitle": "GETBooks Validar status de retorno",
              "timedOut": null,
              "duration": 165,
              "state": "passed",
              "speed": "slow",
              "pass": true,
              "fail": false,
              "pending": false,
              "context": null,
              "code": "GETBooks.allBooks().should(function (response) {\n  expect(response.status).to.eql(200);\n});",
              "err": {},
              "uuid": "31e7d6f7-2f5f-423d-b640-2c9cbd42c962",
              "parentUUID": "83b63855-c2e8-4c16-a969-c6f2e108dd87",
              "isHook": false,
              "skipped": false
            },
            {
              "title": "Validar se o body não se encontra vazio",
              "fullTitle": "GETBooks Validar se o body não se encontra vazio",
              "timedOut": null,
              "duration": 163,
              "state": "passed",
              "speed": "slow",
              "pass": true,
              "fail": false,
              "pending": false,
              "context": null,
              "code": "GETBooks.allBooks().should(function (response) {\n  expect(response).to.not.be.null;\n});",
              "err": {},
              "uuid": "df8638c1-ecc0-4b0d-81ac-82c4887011c4",
              "parentUUID": "83b63855-c2e8-4c16-a969-c6f2e108dd87",
              "isHook": false,
              "skipped": false
            },
            {
              "title": "Validar tamanho do array",
              "fullTitle": "GETBooks Validar tamanho do array",
              "timedOut": null,
              "duration": 200,
              "state": "passed",
              "speed": "slow",
              "pass": true,
              "fail": false,
              "pending": false,
              "context": null,
              "code": "GETBooks.allBooks().should(function (response) {\n  expect(response.body).to.have.length.above(1);\n  cy.log(response.body.length);\n});",
              "err": {},
              "uuid": "86634d00-8f0a-46ea-bcef-1c4a1891ba96",
              "parentUUID": "83b63855-c2e8-4c16-a969-c6f2e108dd87",
              "isHook": false,
              "skipped": false
            }
          ],
          "suites": [],
          "passes": [
            "31e7d6f7-2f5f-423d-b640-2c9cbd42c962",
            "df8638c1-ecc0-4b0d-81ac-82c4887011c4",
            "86634d00-8f0a-46ea-bcef-1c4a1891ba96"
          ],
          "failures": [],
          "pending": [],
          "skipped": [],
          "duration": 528,
          "root": false,
          "rootEmpty": false,
          "_timeout": 2000
        }
      ],
      "passes": [],
      "failures": [],
      "pending": [],
      "skipped": [],
      "duration": 0,
      "root": true,
      "rootEmpty": true,
      "_timeout": 2000
    }
  ],
  "meta": {
    "mocha": {
      "version": "7.0.1"
    },
    "mochawesome": {
      "options": {
        "quiet": true,
        "reportFilename": "mochawesome",
        "saveHtml": false,
        "saveJson": true,
        "consoleReporter": "spec",
        "useInlineDiffs": false,
        "code": true
      },
      "version": "6.1.1"
    },
    "marge": {
      "options": {
        "id": "default",
        "reportDir": "mochawesome-report",
        "quiet": true,
        "html": false,
        "overwrite": false,
        "json": true
      },
      "version": "5.1.0"
    }
  }
}