{
  "stats": {
    "suites": 1,
    "tests": 2,
    "passes": 2,
    "pending": 0,
    "failures": 0,
    "start": "2020-08-21T18:54:31.755Z",
    "end": "2020-08-21T18:54:32.443Z",
    "duration": 688,
    "testsRegistered": 2,
    "passPercent": 100,
    "pendingPercent": 0,
    "other": 0,
    "hasOther": false,
    "skipped": 0,
    "hasSkipped": false
  },
  "results": [
    {
      "uuid": "28c1149b-af87-4baf-9989-9d1266f9ae8f",
      "title": "",
      "fullFile": "cypress/integration/services/books/tests/PUTBooks.spec.js",
      "file": "cypress/integration/services/books/tests/PUTBooks.spec.js",
      "beforeHooks": [],
      "afterHooks": [],
      "tests": [],
      "suites": [
        {
          "uuid": "9bbc33b5-eb09-47bf-ba24-7c3bad397e00",
          "title": "PUT Books",
          "fullFile": "",
          "file": "",
          "beforeHooks": [],
          "afterHooks": [],
          "tests": [
            {
              "title": "Atualizar um livro",
              "fullTitle": "PUT Books Atualizar um livro",
              "timedOut": null,
              "duration": 285,
              "state": "passed",
              "speed": "slow",
              "pass": true,
              "fail": false,
              "pending": false,
              "context": null,
              "code": "GETBooks.allBooks().then(function (busca) {\n  PUTBooks.updateBooks(busca.body[0].ID).should(function (updateBook) {\n    expect(updateBook.status).to.eq(200);\n    expect(updateBook.body).to.not.be[\"null\"];\n    expect(updateBook.body.Title).to.eq('Livro');\n  });\n});",
              "err": {},
              "uuid": "c8e092ee-26b3-4a31-b1b7-ab4ca78cafff",
              "parentUUID": "9bbc33b5-eb09-47bf-ba24-7c3bad397e00",
              "isHook": false,
              "skipped": false
            },
            {
              "title": "Criar e alterar o livro criado",
              "fullTitle": "PUT Books Criar e alterar o livro criado",
              "timedOut": null,
              "duration": 335,
              "state": "passed",
              "speed": "slow",
              "pass": true,
              "fail": false,
              "pending": false,
              "context": null,
              "code": "POSTBooks.addBooks().then(function (addBook) {\n  expect(addBook.status).to.eq(200);\n  expect(addBook.body).to.not.be[\"null\"];\n  PUTBooks.updateBooks(addBook.body.ID).should(function (updateBook) {\n    expect(updateBook.status).to.eq(200);\n    expect(updateBook.body.Title).to.eq('Livro');\n  });\n});",
              "err": {},
              "uuid": "5ef7b56c-97c7-469e-a840-8ee4a55e0514",
              "parentUUID": "9bbc33b5-eb09-47bf-ba24-7c3bad397e00",
              "isHook": false,
              "skipped": false
            }
          ],
          "suites": [],
          "passes": [
            "c8e092ee-26b3-4a31-b1b7-ab4ca78cafff",
            "5ef7b56c-97c7-469e-a840-8ee4a55e0514"
          ],
          "failures": [],
          "pending": [],
          "skipped": [],
          "duration": 620,
          "root": false,
          "rootEmpty": false,
          "_timeout": 2000
        }
      ],
      "passes": [],
      "failures": [],
      "pending": [],
      "skipped": [],
      "duration": 0,
      "root": true,
      "rootEmpty": true,
      "_timeout": 2000
    }
  ],
  "meta": {
    "mocha": {
      "version": "7.0.1"
    },
    "mochawesome": {
      "options": {
        "quiet": true,
        "reportFilename": "mochawesome",
        "saveHtml": false,
        "saveJson": true,
        "consoleReporter": "spec",
        "useInlineDiffs": false,
        "code": true
      },
      "version": "6.1.1"
    },
    "marge": {
      "options": {
        "id": "default",
        "reportDir": "mochawesome-report",
        "quiet": true,
        "html": false,
        "overwrite": true,
        "json": true
      },
      "version": "5.1.0"
    }
  }
}