{
  "stats": {
    "suites": 1,
    "tests": 3,
    "passes": 3,
    "pending": 0,
    "failures": 0,
    "start": "2020-08-19T20:46:37.693Z",
    "end": "2020-08-19T20:46:37.892Z",
    "duration": 199,
    "testsRegistered": 3,
    "passPercent": 100,
    "pendingPercent": 0,
    "other": 0,
    "hasOther": false,
    "skipped": 0,
    "hasSkipped": false
  },
  "results": [
    {
      "uuid": "da207018-f7ca-41e3-817c-ad3dc4e6d0e0",
      "title": "",
      "fullFile": "cypress/integration/services/books/tests/POSTBooks.spec.js",
      "file": "cypress/integration/services/books/tests/POSTBooks.spec.js",
      "beforeHooks": [],
      "afterHooks": [],
      "tests": [],
      "suites": [
        {
          "uuid": "ff53c273-cf83-4841-bfe6-33b55d9f0acd",
          "title": "POST Books",
          "fullFile": "",
          "file": "",
          "beforeHooks": [],
          "afterHooks": [],
          "tests": [
            {
              "title": "Adicionar novo livro",
              "fullTitle": "POST Books Adicionar novo livro",
              "timedOut": null,
              "duration": 154,
              "state": "passed",
              "speed": "slow",
              "pass": true,
              "fail": false,
              "pending": false,
              "context": null,
              "code": "POSTBooks.addBooks().should(function (response) {\n  expect(response.status).to.eql(200);\n  resAddBook = response;\n});",
              "err": {},
              "uuid": "d0a10437-e014-485a-ae22-406212b52623",
              "parentUUID": "ff53c273-cf83-4841-bfe6-33b55d9f0acd",
              "isHook": false,
              "skipped": false
            },
            {
              "title": "Retorno não deve ser vazio",
              "fullTitle": "POST Books Retorno não deve ser vazio",
              "timedOut": null,
              "duration": 20,
              "state": "passed",
              "speed": "fast",
              "pass": true,
              "fail": false,
              "pending": false,
              "context": null,
              "code": "expect(resAddBook.body).to.not.be.null;",
              "err": {},
              "uuid": "1cb58534-4723-4eb8-bc6f-72d80ccd5ec6",
              "parentUUID": "ff53c273-cf83-4841-bfe6-33b55d9f0acd",
              "isHook": false,
              "skipped": false
            },
            {
              "title": "O nome do livro deve ser Harry Potter e a Pedra Filosofal",
              "fullTitle": "POST Books O nome do livro deve ser Harry Potter e a Pedra Filosofal",
              "timedOut": null,
              "duration": 7,
              "state": "passed",
              "speed": "fast",
              "pass": true,
              "fail": false,
              "pending": false,
              "context": null,
              "code": "expect(resAddBook.body.Title).to.eql(\"Harry Potter e a Pedra Filosofal\");",
              "err": {},
              "uuid": "402d8ef3-0b24-40c6-95f8-a5646811a792",
              "parentUUID": "ff53c273-cf83-4841-bfe6-33b55d9f0acd",
              "isHook": false,
              "skipped": false
            }
          ],
          "suites": [],
          "passes": [
            "d0a10437-e014-485a-ae22-406212b52623",
            "1cb58534-4723-4eb8-bc6f-72d80ccd5ec6",
            "402d8ef3-0b24-40c6-95f8-a5646811a792"
          ],
          "failures": [],
          "pending": [],
          "skipped": [],
          "duration": 181,
          "root": false,
          "rootEmpty": false,
          "_timeout": 2000
        }
      ],
      "passes": [],
      "failures": [],
      "pending": [],
      "skipped": [],
      "duration": 0,
      "root": true,
      "rootEmpty": true,
      "_timeout": 2000
    }
  ],
  "meta": {
    "mocha": {
      "version": "7.0.1"
    },
    "mochawesome": {
      "options": {
        "quiet": true,
        "reportFilename": "mochawesome",
        "saveHtml": false,
        "saveJson": true,
        "consoleReporter": "spec",
        "useInlineDiffs": false,
        "code": true
      },
      "version": "6.1.1"
    },
    "marge": {
      "options": {
        "id": "default",
        "reportDir": "mochawesome-report",
        "quiet": true,
        "html": false,
        "overwrite": false,
        "json": true
      },
      "version": "5.1.0"
    }
  }
}