{
  "stats": {
    "suites": 1,
    "tests": 5,
    "passes": 4,
    "pending": 0,
    "failures": 1,
    "start": "2020-08-19T19:41:51.598Z",
    "end": "2020-08-19T19:41:58.012Z",
    "duration": 6414,
    "testsRegistered": 5,
    "passPercent": 80,
    "pendingPercent": 0,
    "other": 0,
    "hasOther": false,
    "skipped": 0,
    "hasSkipped": false
  },
  "results": [
    {
      "uuid": "2875459a-261f-4c5d-93c6-10ebb5710bf4",
      "title": "",
      "fullFile": "cypress\\integration\\Books.feature",
      "file": "cypress\\integration\\Books.feature",
      "beforeHooks": [],
      "afterHooks": [],
      "tests": [],
      "suites": [
        {
          "uuid": "42844dd5-4b4f-4946-b1b8-43ccbd2a562a",
          "title": "Books",
          "fullFile": "",
          "file": "",
          "beforeHooks": [],
          "afterHooks": [],
          "tests": [
            {
              "title": "Adiciona Livros",
              "fullTitle": "Books Adiciona Livros",
              "timedOut": null,
              "duration": 2102,
              "state": "passed",
              "speed": "slow",
              "pass": true,
              "fail": false,
              "pending": false,
              "context": null,
              "code": "if (backgroundSection) {\n  backgroundSection.steps.forEach(step => stepTest.call(this, step));\n}\nscenario.steps.forEach(step => stepTest.call(this, step));",
              "err": {},
              "uuid": "2c50236d-494b-4eb4-92ae-6390b4ceedb5",
              "parentUUID": "42844dd5-4b4f-4946-b1b8-43ccbd2a562a",
              "isHook": false,
              "skipped": false
            },
            {
              "title": "Busca Livro",
              "fullTitle": "Books Busca Livro",
              "timedOut": null,
              "duration": 634,
              "state": "passed",
              "speed": "slow",
              "pass": true,
              "fail": false,
              "pending": false,
              "context": null,
              "code": "if (backgroundSection) {\n  backgroundSection.steps.forEach(step => stepTest.call(this, step));\n}\nscenario.steps.forEach(step => stepTest.call(this, step));",
              "err": {},
              "uuid": "01895fc2-11e8-48ab-ad7c-321eeb93da2e",
              "parentUUID": "42844dd5-4b4f-4946-b1b8-43ccbd2a562a",
              "isHook": false,
              "skipped": false
            },
            {
              "title": "Deletar um livro",
              "fullTitle": "Books Deletar um livro",
              "timedOut": null,
              "duration": 935,
              "state": "passed",
              "speed": "slow",
              "pass": true,
              "fail": false,
              "pending": false,
              "context": null,
              "code": "if (backgroundSection) {\n  backgroundSection.steps.forEach(step => stepTest.call(this, step));\n}\nscenario.steps.forEach(step => stepTest.call(this, step));",
              "err": {},
              "uuid": "06251365-78fd-44da-9ab1-4a12e5e06f4b",
              "parentUUID": "42844dd5-4b4f-4946-b1b8-43ccbd2a562a",
              "isHook": false,
              "skipped": false
            },
            {
              "title": "Criar e deletar um livro",
              "fullTitle": "Books Criar e deletar um livro",
              "timedOut": null,
              "duration": 1270,
              "state": "passed",
              "speed": "slow",
              "pass": true,
              "fail": false,
              "pending": false,
              "context": null,
              "code": "if (backgroundSection) {\n  backgroundSection.steps.forEach(step => stepTest.call(this, step));\n}\nscenario.steps.forEach(step => stepTest.call(this, step));",
              "err": {},
              "uuid": "d4fda163-c510-4287-b3f7-0183364b895c",
              "parentUUID": "42844dd5-4b4f-4946-b1b8-43ccbd2a562a",
              "isHook": false,
              "skipped": false
            },
            {
              "title": "Atualizar um livro",
              "fullTitle": "Books Atualizar um livro",
              "timedOut": null,
              "duration": 1196,
              "state": "failed",
              "speed": null,
              "pass": false,
              "fail": true,
              "pending": false,
              "context": null,
              "code": "if (backgroundSection) {\n  backgroundSection.steps.forEach(step => stepTest.call(this, step));\n}\nscenario.steps.forEach(step => stepTest.call(this, step));",
              "err": {
                "message": "AssertionError: expected '' to equal 'Livro'",
                "estack": "AssertionError: expected '' to equal 'Livro'\n    at Context.eval (https://fakerestapi.azurewebsites.net/__cypress/tests?p=cypress\\integration\\Books.feature:176:28)\n    at Context.resolveAndRunStepDefinition (https://fakerestapi.azurewebsites.net/__cypress/tests?p=cypress\\integration\\Books.feature:10040:9)\n    at Context.stepTest (https://fakerestapi.azurewebsites.net/__cypress/tests?p=cypress\\integration\\Books.feature:9797:31)\n    at eval (https://fakerestapi.azurewebsites.net/__cypress/tests?p=cypress\\integration\\Books.feature:9842:47)\nat Array.forEach (<anonymous>)\n    at Context.eval (https://fakerestapi.azurewebsites.net/__cypress/tests?p=cypress\\integration\\Books.feature:9842:22)",
                "diff": "+ 'Livro'\n"
              },
              "uuid": "834926c5-72e9-486d-a4c8-3c6fd3600c90",
              "parentUUID": "42844dd5-4b4f-4946-b1b8-43ccbd2a562a",
              "isHook": false,
              "skipped": false
            }
          ],
          "suites": [],
          "passes": [
            "2c50236d-494b-4eb4-92ae-6390b4ceedb5",
            "01895fc2-11e8-48ab-ad7c-321eeb93da2e",
            "06251365-78fd-44da-9ab1-4a12e5e06f4b",
            "d4fda163-c510-4287-b3f7-0183364b895c"
          ],
          "failures": [
            "834926c5-72e9-486d-a4c8-3c6fd3600c90"
          ],
          "pending": [],
          "skipped": [],
          "duration": 6137,
          "root": false,
          "rootEmpty": false,
          "_timeout": 2000
        }
      ],
      "passes": [],
      "failures": [],
      "pending": [],
      "skipped": [],
      "duration": 0,
      "root": true,
      "rootEmpty": true,
      "_timeout": 2000
    }
  ],
  "meta": {
    "mocha": {
      "version": "7.0.1"
    },
    "mochawesome": {
      "options": {
        "quiet": true,
        "reportFilename": "mochawesome",
        "saveHtml": false,
        "saveJson": true,
        "consoleReporter": "spec",
        "useInlineDiffs": false,
        "code": true
      },
      "version": "6.1.1"
    },
    "marge": {
      "options": {
        "id": "default",
        "reportDir": "mochawesome-report",
        "quiet": true,
        "html": false,
        "overwrite": false,
        "json": true
      },
      "version": "5.1.0"
    }
  }
}