{
  "stats": {
    "suites": 1,
    "tests": 5,
    "passes": 4,
    "pending": 0,
    "failures": 1,
    "start": "2020-08-19T18:54:06.922Z",
    "end": "2020-08-19T18:54:34.982Z",
    "duration": 28060,
    "testsRegistered": 5,
    "passPercent": 80,
    "pendingPercent": 0,
    "other": 0,
    "hasOther": false,
    "skipped": 0,
    "hasSkipped": false
  },
  "results": [
    {
      "uuid": "02b9ad32-f6eb-4c1f-b3d5-146fbb55d787",
      "title": "",
      "fullFile": "cypress\\integration\\Books.feature",
      "file": "cypress\\integration\\Books.feature",
      "beforeHooks": [],
      "afterHooks": [],
      "tests": [],
      "suites": [
        {
          "uuid": "01a0b657-bb6d-4d30-931f-ab70ea2724e6",
          "title": "Books",
          "fullFile": "",
          "file": "",
          "beforeHooks": [],
          "afterHooks": [],
          "tests": [
            {
              "title": "Adiciona Livros",
              "fullTitle": "Books Adiciona Livros",
              "timedOut": null,
              "duration": 7461,
              "state": "passed",
              "speed": "slow",
              "pass": true,
              "fail": false,
              "pending": false,
              "context": null,
              "code": "if (backgroundSection) {\n  backgroundSection.steps.forEach(step => stepTest.call(this, step));\n}\nscenario.steps.forEach(step => stepTest.call(this, step));",
              "err": {},
              "uuid": "19539a34-34bb-421a-9b56-75fdc9ddc74b",
              "parentUUID": "01a0b657-bb6d-4d30-931f-ab70ea2724e6",
              "isHook": false,
              "skipped": false
            },
            {
              "title": "Busca Livro",
              "fullTitle": "Books Busca Livro",
              "timedOut": null,
              "duration": 2283,
              "state": "passed",
              "speed": "slow",
              "pass": true,
              "fail": false,
              "pending": false,
              "context": null,
              "code": "if (backgroundSection) {\n  backgroundSection.steps.forEach(step => stepTest.call(this, step));\n}\nscenario.steps.forEach(step => stepTest.call(this, step));",
              "err": {},
              "uuid": "4461f45b-012d-430f-9837-54dce8c2b287",
              "parentUUID": "01a0b657-bb6d-4d30-931f-ab70ea2724e6",
              "isHook": false,
              "skipped": false
            },
            {
              "title": "Deletar um livro",
              "fullTitle": "Books Deletar um livro",
              "timedOut": null,
              "duration": 2611,
              "state": "passed",
              "speed": "slow",
              "pass": true,
              "fail": false,
              "pending": false,
              "context": null,
              "code": "if (backgroundSection) {\n  backgroundSection.steps.forEach(step => stepTest.call(this, step));\n}\nscenario.steps.forEach(step => stepTest.call(this, step));",
              "err": {},
              "uuid": "ed89716a-0490-4168-bf94-1b738dee1758",
              "parentUUID": "01a0b657-bb6d-4d30-931f-ab70ea2724e6",
              "isHook": false,
              "skipped": false
            },
            {
              "title": "Criar e deletar um livro",
              "fullTitle": "Books Criar e deletar um livro",
              "timedOut": null,
              "duration": 12463,
              "state": "passed",
              "speed": "slow",
              "pass": true,
              "fail": false,
              "pending": false,
              "context": null,
              "code": "if (backgroundSection) {\n  backgroundSection.steps.forEach(step => stepTest.call(this, step));\n}\nscenario.steps.forEach(step => stepTest.call(this, step));",
              "err": {},
              "uuid": "91287055-ee46-4a5a-9951-a74b136d641a",
              "parentUUID": "01a0b657-bb6d-4d30-931f-ab70ea2724e6",
              "isHook": false,
              "skipped": false
            },
            {
              "title": "Atualizar um livro",
              "fullTitle": "Books Atualizar um livro",
              "timedOut": null,
              "duration": 2659,
              "state": "failed",
              "speed": null,
              "pass": false,
              "fail": true,
              "pending": false,
              "context": null,
              "code": "if (backgroundSection) {\n  backgroundSection.steps.forEach(step => stepTest.call(this, step));\n}\nscenario.steps.forEach(step => stepTest.call(this, step));",
              "err": {
                "message": "AssertionError: expected '' to equal 'Livro'",
                "estack": "AssertionError: expected '' to equal 'Livro'\n    at Context.eval (https://fakerestapi.azurewebsites.net/__cypress/tests?p=cypress\\integration\\Books.feature:176:28)\n    at Context.resolveAndRunStepDefinition (https://fakerestapi.azurewebsites.net/__cypress/tests?p=cypress\\integration\\Books.feature:10040:9)\n    at Context.stepTest (https://fakerestapi.azurewebsites.net/__cypress/tests?p=cypress\\integration\\Books.feature:9797:31)\n    at eval (https://fakerestapi.azurewebsites.net/__cypress/tests?p=cypress\\integration\\Books.feature:9842:47)\nat Array.forEach (<anonymous>)\n    at Context.eval (https://fakerestapi.azurewebsites.net/__cypress/tests?p=cypress\\integration\\Books.feature:9842:22)",
                "diff": "+ 'Livro'\n"
              },
              "uuid": "1a604dd1-8e36-420a-adbe-c51770c0f45c",
              "parentUUID": "01a0b657-bb6d-4d30-931f-ab70ea2724e6",
              "isHook": false,
              "skipped": false
            }
          ],
          "suites": [],
          "passes": [
            "19539a34-34bb-421a-9b56-75fdc9ddc74b",
            "4461f45b-012d-430f-9837-54dce8c2b287",
            "ed89716a-0490-4168-bf94-1b738dee1758",
            "91287055-ee46-4a5a-9951-a74b136d641a"
          ],
          "failures": [
            "1a604dd1-8e36-420a-adbe-c51770c0f45c"
          ],
          "pending": [],
          "skipped": [],
          "duration": 27477,
          "root": false,
          "rootEmpty": false,
          "_timeout": 2000
        }
      ],
      "passes": [],
      "failures": [],
      "pending": [],
      "skipped": [],
      "duration": 0,
      "root": true,
      "rootEmpty": true,
      "_timeout": 2000
    }
  ],
  "meta": {
    "mocha": {
      "version": "7.0.1"
    },
    "mochawesome": {
      "options": {
        "quiet": true,
        "reportFilename": "mochawesome",
        "saveHtml": false,
        "saveJson": true,
        "consoleReporter": "spec",
        "useInlineDiffs": false,
        "code": true
      },
      "version": "6.1.1"
    },
    "marge": {
      "options": {
        "id": "default",
        "reportDir": "mochawesome-report",
        "quiet": true,
        "html": false,
        "overwrite": false,
        "json": true
      },
      "version": "5.1.0"
    }
  }
}